----------------------------------------------------------------
2014-07-24 05:03:09.068 GMT:
 Booting Derby version The Apache Software Foundation - Apache Derby - 10.4.2.0 - (689064): instance a816c00e-0147-66c0-5e20-00000b2a19d8
on database directory /home/hadoop/hiveShell/TempStatsStore  

Database Class Loader started - derby.database.classpath=''

2014-07-24 05:03:09.370 GMT:
Shutting down instance a816c00e-0147-66c0-5e20-00000b2a19d8
----------------------------------------------------------------
----------------------------------------------------------------
2014-07-24 05:07:30.519 GMT:
 Booting Derby version The Apache Software Foundation - Apache Derby - 10.4.2.0 - (689064): instance 08264012-0147-66c0-5e20-00000b2a19d8
on database directory /home/hadoop/hiveShell/TempStatsStore  

Database Class Loader started - derby.database.classpath=''

2014-07-24 05:07:30.848 GMT:
Shutting down instance 08264012-0147-66c0-5e20-00000b2a19d8
----------------------------------------------------------------
----------------------------------------------------------------
2014-07-24 06:30:19.209 GMT:
 Booting Derby version The Apache Software Foundation - Apache Derby - 10.4.2.0 - (689064): instance e03f4017-0147-66c0-5e20-00000b2a19d8
on database directory /home/hadoop/hiveShell/TempStatsStore  

Database Class Loader started - derby.database.classpath=''

2014-07-24 06:30:19.245 GMT:
Shutting down instance e03f4017-0147-66c0-5e20-00000b2a19d8
----------------------------------------------------------------
----------------------------------------------------------------
2014-07-24 06:33:25.920 GMT:
 Booting Derby version The Apache Software Foundation - Apache Derby - 10.4.2.0 - (689064): instance 2057c01b-0147-66c0-5e20-00000b2a19d8
on database directory /home/hadoop/hiveShell/TempStatsStore  

Database Class Loader started - derby.database.classpath=''

2014-07-24 06:33:26.148 GMT:
Shutting down instance 2057c01b-0147-66c0-5e20-00000b2a19d8
----------------------------------------------------------------
